Using pre-set license
Built from '2022.3/staging' branch; Version is '2022.3.7f1 (b16b3b16c7a0) revision 11627323'; Using compiler version '192829333'; Build Type 'Release'
OS: 'Windows 11  (10.0.22621) 64bit Core' Language: 'fr' Physical Memory: 32675 MB
BatchMode: 1, IsHumanControllingUs: 0, StartBugReporterOnCrash: 0, Is64bit: 1, IsPro: 1

COMMAND LINE ARGUMENTS:
E:\Programmes\Unity\Unity2022.3.7f1\2022.3.7f1\Editor\Unity.exe
-adb2
-batchMode
-noUpm
-name
AssetImportWorker6
-projectPath
C:/Users/axelr/Nebula/Nebula/Nebula
-logFile
Logs/AssetImportWorker6.log
-srvPort
57368
Successfully changed project path to: C:/Users/axelr/Nebula/Nebula/Nebula
C:/Users/axelr/Nebula/Nebula/Nebula
[UnityMemory] Configuration Parameters - Can be set up in boot.config
    "memorysetup-bucket-allocator-granularity=16"
    "memorysetup-bucket-allocator-bucket-count=8"
    "memorysetup-bucket-allocator-block-size=33554432"
    "memorysetup-bucket-allocator-block-count=8"
    "memorysetup-main-allocator-block-size=16777216"
    "memorysetup-thread-allocator-block-size=16777216"
    "memorysetup-gfx-main-allocator-block-size=16777216"
    "memorysetup-gfx-thread-allocator-block-size=16777216"
    "memorysetup-cache-allocator-block-size=4194304"
    "memorysetup-typetree-allocator-block-size=2097152"
    "memorysetup-profiler-bucket-allocator-granularity=16"
    "memorysetup-profiler-bucket-allocator-bucket-count=8"
    "memorysetup-profiler-bucket-allocator-block-size=33554432"
    "memorysetup-profiler-bucket-allocator-block-count=8"
    "memorysetup-profiler-allocator-block-size=16777216"
    "memorysetup-profiler-editor-allocator-block-size=1048576"
    "memorysetup-temp-allocator-size-main=16777216"
    "memorysetup-job-temp-allocator-block-size=2097152"
    "memorysetup-job-temp-allocator-block-size-background=1048576"
    "memorysetup-job-temp-allocator-reduction-small-platforms=262144"
    "memorysetup-allocator-temp-initial-block-size-main=262144"
    "memorysetup-allocator-temp-initial-block-size-worker=262144"
    "memorysetup-temp-allocator-size-background-worker=32768"
    "memorysetup-temp-allocator-size-job-worker=262144"
    "memorysetup-temp-allocator-size-preload-manager=33554432"
    "memorysetup-temp-allocator-size-nav-mesh-worker=65536"
    "memorysetup-temp-allocator-size-audio-worker=65536"
    "memorysetup-temp-allocator-size-cloud-worker=32768"
    "memorysetup-temp-allocator-size-gi-baking-worker=262144"
    "memorysetup-temp-allocator-size-gfx=262144"
Player connection [19800] Host "[IP] 192.168.1.12 [Port] 0 [Flags] 2 [Guid] 2444947741 [EditorId] 2444947741 [Version] 1048832 [Id] WindowsEditor(7,PC) [Debug] 1 [PackageName] WindowsEditor [ProjectName] Editor" joined multi-casting on [225.0.0.222:54997]...

Player connection [19800] Host "[IP] 192.168.1.12 [Port] 0 [Flags] 2 [Guid] 2444947741 [EditorId] 2444947741 [Version] 1048832 [Id] WindowsEditor(7,PC) [Debug] 1 [PackageName] WindowsEditor [ProjectName] Editor" joined alternative multi-casting on [225.0.0.222:34997]...

Refreshing native plugins compatible for Editor in 10.99 ms, found 3 plugins.
Preloading 0 native plugins for Editor in 0.00 ms.
Initialize engine version: 2022.3.7f1 (b16b3b16c7a0)
[Subsystems] Discovering subsystems at path E:/Programmes/Unity/Unity2022.3.7f1/2022.3.7f1/Editor/Data/Resources/UnitySubsystems
[Subsystems] Discovering subsystems at path C:/Users/axelr/Nebula/Nebula/Nebula/Assets
GfxDevice: creating device client; threaded=0; jobified=0
Direct3D:
    Version:  Direct3D 11.0 [level 11.1]
    Renderer: NVIDIA GeForce RTX 2060 (ID=0x1f08)
    Vendor:   NVIDIA
    VRAM:     5968 MB
    Driver:   31.0.15.3141
Initialize mono
Mono path[0] = 'E:/Programmes/Unity/Unity2022.3.7f1/2022.3.7f1/Editor/Data/Managed'
Mono path[1] = 'E:/Programmes/Unity/Unity2022.3.7f1/2022.3.7f1/Editor/Data/MonoBleedingEdge/lib/mono/unityjit-win32'
Mono config path = 'E:/Programmes/Unity/Unity2022.3.7f1/2022.3.7f1/Editor/Data/MonoBleedingEdge/etc'
Using monoOptions --debugger-agent=transport=dt_socket,embedding=1,server=y,suspend=n,address=127.0.0.1:56452
Begin MonoManager ReloadAssembly
Registering precompiled unity dll's ...
Register platform support module: E:/Programmes/Unity/Unity2022.3.7f1/2022.3.7f1/Editor/Data/PlaybackEngines/WebGLSupport/UnityEditor.WebGL.Extensions.dll
Register platform support module: E:/Programmes/Unity/Unity2022.3.7f1/2022.3.7f1/Editor/Data/PlaybackEngines/WindowsStandaloneSupport/UnityEditor.WindowsStandalone.Extensions.dll
Registered in 0.006831 seconds.
- Loaded All Assemblies, in  0.578 seconds
Native extension for WindowsStandalone target not found
Native extension for WebGL target not found
Mono: successfully reloaded assembly
- Finished resetting the current domain, in  0.269 seconds
Domain Reload Profiling: 847ms
	BeginReloadAssembly (260ms)
		ExecutionOrderSort (0ms)
		DisableScriptedObjects (0ms)
		BackupInstance (0ms)
		ReleaseScriptingObjects (0ms)
		CreateAndSetChildDomain (1ms)
	RebuildCommonClasses (51ms)
	RebuildNativeTypeToScriptingClass (17ms)
	initialDomainReloadingComplete (60ms)
	LoadAllAssembliesAndSetupDomain (190ms)
		LoadAssemblies (259ms)
		RebuildTransferFunctionScriptingTraits (0ms)
		AnalyzeDomain (186ms)
			TypeCache.Refresh (184ms)
				TypeCache.ScanAssembly (166ms)
			ScanForSourceGeneratedMonoScriptInfo (1ms)
			ResolveRequiredComponents (1ms)
	FinalizeReload (269ms)
		ReleaseScriptCaches (0ms)
		RebuildScriptCaches (0ms)
		SetupLoadedEditorAssemblies (208ms)
			LogAssemblyErrors (0ms)
			InitializePlatformSupportModulesInManaged (8ms)
			SetLoadedEditorAssemblies (5ms)
			RefreshPlugins (0ms)
			BeforeProcessingInitializeOnLoad (2ms)
			ProcessInitializeOnLoadAttributes (145ms)
			ProcessInitializeOnLoadMethodAttributes (48ms)
			AfterProcessingInitializeOnLoad (0ms)
			EditorAssembliesLoaded (0ms)
		ExecutionOrderSort2 (0ms)
		AwakeInstancesAfterBackupRestoration (0ms)
========================================================================
Worker process is ready to serve import requests
Begin MonoManager ReloadAssembly
Symbol file LoadedFromMemory doesn't match image C:\Users\axelr\Nebula\Nebula\Nebula\Library\PackageCache\com.unity.visualscripting@1.8.0\Editor\VisualScripting.Core\Dependencies\YamlDotNet\Unity.VisualScripting.YamlDotNet.dll
Symbol file LoadedFromMemory doesn't match image C:\Users\axelr\Nebula\Nebula\Nebula\Library\PackageCache\com.unity.visualscripting@1.8.0\Editor\VisualScripting.Core\Dependencies\DotNetZip\Unity.VisualScripting.IonicZip.dll
- Loaded All Assemblies, in  0.703 seconds
Refreshing native plugins compatible for Editor in 5.85 ms, found 3 plugins.
Native extension for WindowsStandalone target not found
Native extension for WebGL target not found
Mono: successfully reloaded assembly
Package Manager log level set to [2]
[Package Manager] Server::EnsureServerProcessIsRunning -- launch failed, reason: Unity was launched with the -noUpm command-line argument
[Package Manager] UpmClient::Send -- Unable to send message (not connected to UPM process).
[Package Manager] Cannot connect to Unity Package Manager local server
[Package Manager] Server::EnsureServerProcessIsRunning -- launch failed, reason: Unity was launched with the -noUpm command-line argument
[Package Manager] UpmClient::Send -- Unable to send message (not connected to UPM process).
[Package Manager] Cannot connect to Unity Package Manager local server
- Finished resetting the current domain, in  0.539 seconds
Domain Reload Profiling: 1242ms
	BeginReloadAssembly (179ms)
		ExecutionOrderSort (0ms)
		DisableScriptedObjects (5ms)
		BackupInstance (0ms)
		ReleaseScriptingObjects (0ms)
		CreateAndSetChildDomain (20ms)
	RebuildCommonClasses (35ms)
	RebuildNativeTypeToScriptingClass (11ms)
	initialDomainReloadingComplete (36ms)
	LoadAllAssembliesAndSetupDomain (442ms)
		LoadAssemblies (357ms)
		RebuildTransferFunctionScriptingTraits (0ms)
		AnalyzeDomain (202ms)
			TypeCache.Refresh (169ms)
				TypeCache.ScanAssembly (148ms)
			ScanForSourceGeneratedMonoScriptInfo (25ms)
			ResolveRequiredComponents (7ms)
	FinalizeReload (540ms)
		ReleaseScriptCaches (0ms)
		RebuildScriptCaches (0ms)
		SetupLoadedEditorAssemblies (367ms)
			LogAssemblyErrors (0ms)
			InitializePlatformSupportModulesInManaged (6ms)
			SetLoadedEditorAssemblies (4ms)
			RefreshPlugins (0ms)
			BeforeProcessingInitializeOnLoad (60ms)
			ProcessInitializeOnLoadAttributes (269ms)
			ProcessInitializeOnLoadMethodAttributes (24ms)
			AfterProcessingInitializeOnLoad (3ms)
			EditorAssembliesLoaded (0ms)
		ExecutionOrderSort2 (0ms)
		AwakeInstancesAfterBackupRestoration (8ms)
Launched and connected shader compiler UnityShaderCompiler.exe after 0.05 seconds
Refreshing native plugins compatible for Editor in 9.81 ms, found 3 plugins.
Preloading 0 native plugins for Editor in 0.00 ms.
Unloading 3411 Unused Serialized files (Serialized files now loaded: 0)
Unloading 52 unused Assets / (66.7 KB). Loaded Objects now: 3869.
Memory consumption went from 134.0 MB to 133.9 MB.
Total: 4.473300 ms (FindLiveObjects: 0.367900 ms CreateObjectMapping: 0.291700 ms MarkObjects: 3.650300 ms  DeleteObjects: 0.162300 ms)

AssetImportParameters requested are different than current active one (requested -> active):
  custom:container-demuxer-ogg: 62fdf1f143b41e24485cea50d1cbac27 -> 
  custom:video-decoder-ogg-theora: a1e56fd34408186e4bbccfd4996cb3dc -> 
  custom:framework-win-MediaFoundation: 216162199b28c13a410421893ffa2e32 -> 
  custom:CustomObjectIndexerAttribute: 756ad292c208cfabdd7b50bc23989ffe -> 
  custom:container-demuxer-webm: 4f35f7cbe854078d1ac9338744f61a02 -> 
  custom:container-muxer-webm: aa71ff27fc2769a1b78a27578f13a17b -> 
  custom:video-decoder-webm-vp8: 9c59270c3fd7afecdb556c50c9e8de78 -> 
  custom:SearchIndexIgnoredProperties: e643bd26f0fe6173181afceb89e7c659 -> 
  custom:AudioImporter_EditorPlatform: d09bf68614088b80899f8185d706f6e7 -> 
  custom:video-encoder-webm-vp8: eb34c28f22e8b96e1ab97ce403110664 -> 
  custom:audio-decoder-ogg-vorbis: bf7c407c2cedff20999df2af8eb42d56 -> 
  custom:audio-encoder-webm-vorbis: bf7c407c2cedff20999df2af8eb42d56 -> 
========================================================================
Received Import Request.
  Time since last request: 42426.882582 seconds.
  path: Assets/Assets/UI/SHarmid/Simple Icons - Classic/Icons/Icon (3).prefab
  artifactKey: Guid(ba9c5e5443750df4fb38ffa71c2c9c23) Importer(815301076,1909f56bfc062723c751e8b465ee728b)
Start importing Assets/Assets/UI/SHarmid/Simple Icons - Classic/Icons/Icon (3).prefab using Guid(ba9c5e5443750df4fb38ffa71c2c9c23) Importer(815301076,1909f56bfc062723c751e8b465ee728b)  -> (artifact id: 'f17a55d289e9359ee862bb561d862f1f') in 0.038915 seconds
Number of updated asset objects reloaded before import = 0
Number of asset objects unloaded after import = 14
========================================================================
Received Import Request.
  Time since last request: 0.000017 seconds.
  path: Assets/Assets/UI/SHarmid/Simple Icons - Classic/Icons/Icon (27).prefab
  artifactKey: Guid(04cfd533cec0ab6429b6ed3c9a1f75f7) Importer(815301076,1909f56bfc062723c751e8b465ee728b)
Start importing Assets/Assets/UI/SHarmid/Simple Icons - Classic/Icons/Icon (27).prefab using Guid(04cfd533cec0ab6429b6ed3c9a1f75f7) Importer(815301076,1909f56bfc062723c751e8b465ee728b)  -> (artifact id: '405f42a93307d54bf706849a0f283ca4') in 0.003347 seconds
Number of updated asset objects reloaded before import = 0
Number of asset objects unloaded after import = 14
========================================================================
Received Import Request.
  Time since last request: 0.000015 seconds.
  path: Assets/Assets/UI/SHarmid/Simple Icons - Classic/Icons/Icon (39).prefab
  artifactKey: Guid(feeef821d06ef814c9ddfa7daf6aa2c8) Importer(815301076,1909f56bfc062723c751e8b465ee728b)
Start importing Assets/Assets/UI/SHarmid/Simple Icons - Classic/Icons/Icon (39).prefab using Guid(feeef821d06ef814c9ddfa7daf6aa2c8) Importer(815301076,1909f56bfc062723c751e8b465ee728b)  -> (artifact id: '39d0cb282ec6250019977d3760f8d179') in 0.002898 seconds
Number of updated asset objects reloaded before import = 0
Number of asset objects unloaded after import = 14
========================================================================
Received Import Request.
  Time since last request: 0.000020 seconds.
  path: Assets/Assets/UI/SHarmid/Simple Icons - Classic/Icons/Icon (46).prefab
  artifactKey: Guid(9790fc1acf7ca624ba61d44be3e24e23) Importer(815301076,1909f56bfc062723c751e8b465ee728b)
Start importing Assets/Assets/UI/SHarmid/Simple Icons - Classic/Icons/Icon (46).prefab using Guid(9790fc1acf7ca624ba61d44be3e24e23) Importer(815301076,1909f56bfc062723c751e8b465ee728b)  -> (artifact id: 'd5258ad7eb0f093e9cb6cfed17845061') in 0.002671 seconds
Number of updated asset objects reloaded before import = 0
Number of asset objects unloaded after import = 14
========================================================================
Received Import Request.
  Time since last request: 0.000011 seconds.
  path: Assets/Assets/UI/SHarmid/Simple Icons - Classic/Icons/Icon (47).prefab
  artifactKey: Guid(bc8ff9b9f30e7634592e57fad017b215) Importer(815301076,1909f56bfc062723c751e8b465ee728b)
Start importing Assets/Assets/UI/SHarmid/Simple Icons - Classic/Icons/Icon (47).prefab using Guid(bc8ff9b9f30e7634592e57fad017b215) Importer(815301076,1909f56bfc062723c751e8b465ee728b)  -> (artifact id: '4407a8e1e1305dac8b1a9370675bb6a1') in 0.002859 seconds
Number of updated asset objects reloaded before import = 0
Number of asset objects unloaded after import = 14
========================================================================
Received Import Request.
  Time since last request: 0.000017 seconds.
  path: Assets/Assets/UI/SHarmid/Simple Icons - Classic/Icons/Icon (40).prefab
  artifactKey: Guid(6d47a9dda13b762419f43c7cfd9e53dd) Importer(815301076,1909f56bfc062723c751e8b465ee728b)
Start importing Assets/Assets/UI/SHarmid/Simple Icons - Classic/Icons/Icon (40).prefab using Guid(6d47a9dda13b762419f43c7cfd9e53dd) Importer(815301076,1909f56bfc062723c751e8b465ee728b)  -> (artifact id: '434faf8d8a2cf315cbb64f94493988b8') in 0.003429 seconds
Number of updated asset objects reloaded before import = 0
Number of asset objects unloaded after import = 14
========================================================================
Received Import Request.
  Time since last request: 6.390930 seconds.
  path: Assets/Assets/UI/SHarmid/Simple Icons - Classic/Icons/Icon (52).prefab
  artifactKey: Guid(589b4441af236ef42b493806b954058e) Importer(815301076,1909f56bfc062723c751e8b465ee728b)
Start importing Assets/Assets/UI/SHarmid/Simple Icons - Classic/Icons/Icon (52).prefab using Guid(589b4441af236ef42b493806b954058e) Importer(815301076,1909f56bfc062723c751e8b465ee728b)  -> (artifact id: 'b1b1c5a701e2bee3851751b355a822c0') in 0.002966 seconds
Number of updated asset objects reloaded before import = 0
Number of asset objects unloaded after import = 14
========================================================================
Received Import Request.
  Time since last request: 0.000013 seconds.
  path: Assets/Assets/UI/SHarmid/Simple Icons - Classic/Icons/Icon (55).prefab
  artifactKey: Guid(8b6fd4df08a4cd04fa4f0210cd3de036) Importer(815301076,1909f56bfc062723c751e8b465ee728b)
Start importing Assets/Assets/UI/SHarmid/Simple Icons - Classic/Icons/Icon (55).prefab using Guid(8b6fd4df08a4cd04fa4f0210cd3de036) Importer(815301076,1909f56bfc062723c751e8b465ee728b)  -> (artifact id: 'f8ba232113f89587bf3931fa1e265318') in 0.002508 seconds
Number of updated asset objects reloaded before import = 0
Number of asset objects unloaded after import = 14
========================================================================
Received Import Request.
  Time since last request: 0.000012 seconds.
  path: Assets/Assets/UI/SHarmid/Simple Icons - Classic/Icons/Icon (63).prefab
  artifactKey: Guid(2c3aa3b0541647c4f90ca86fcbd7e037) Importer(815301076,1909f56bfc062723c751e8b465ee728b)
Start importing Assets/Assets/UI/SHarmid/Simple Icons - Classic/Icons/Icon (63).prefab using Guid(2c3aa3b0541647c4f90ca86fcbd7e037) Importer(815301076,1909f56bfc062723c751e8b465ee728b)  -> (artifact id: '3cce2fe2de2c7fe4d7accc3e16ba00ea') in 0.003893 seconds
Number of updated asset objects reloaded before import = 0
Number of asset objects unloaded after import = 14
========================================================================
Received Import Request.
  Time since last request: 0.016274 seconds.
  path: Assets/Assets/UI/SHarmid/Simple Icons - Classic/Icons/Icon (68).prefab
  artifactKey: Guid(0db52a7922f3727448df70dc55d927a2) Importer(815301076,1909f56bfc062723c751e8b465ee728b)
Start importing Assets/Assets/UI/SHarmid/Simple Icons - Classic/Icons/Icon (68).prefab using Guid(0db52a7922f3727448df70dc55d927a2) Importer(815301076,1909f56bfc062723c751e8b465ee728b)  -> (artifact id: '5757f4889ca3de36cd9a172e2fd9b4ca') in 0.002607 seconds
Number of updated asset objects reloaded before import = 0
Number of asset objects unloaded after import = 14
========================================================================
Received Import Request.
  Time since last request: 0.000010 seconds.
  path: Assets/Assets/UI/SHarmid/Simple Icons - Classic/Icons/Icon (76).prefab
  artifactKey: Guid(b2cbeb05b0d0d71499643fdaeeefc66e) Importer(815301076,1909f56bfc062723c751e8b465ee728b)
Start importing Assets/Assets/UI/SHarmid/Simple Icons - Classic/Icons/Icon (76).prefab using Guid(b2cbeb05b0d0d71499643fdaeeefc66e) Importer(815301076,1909f56bfc062723c751e8b465ee728b)  -> (artifact id: 'fdd1db96508ee356a07ac66197f22b2a') in 0.003177 seconds
Number of updated asset objects reloaded before import = 0
Number of asset objects unloaded after import = 14
========================================================================
Received Import Request.
  Time since last request: 0.000015 seconds.
  path: Assets/Assets/UI/SHarmid/Simple Icons - Classic/Icons/Icon (75).prefab
  artifactKey: Guid(b7f3acd0a31307b44bbcfd1a39d3f574) Importer(815301076,1909f56bfc062723c751e8b465ee728b)
Start importing Assets/Assets/UI/SHarmid/Simple Icons - Classic/Icons/Icon (75).prefab using Guid(b7f3acd0a31307b44bbcfd1a39d3f574) Importer(815301076,1909f56bfc062723c751e8b465ee728b)  -> (artifact id: '0311150af6dc237d294da4f7615c4617') in 0.002434 seconds
Number of updated asset objects reloaded before import = 0
Number of asset objects unloaded after import = 14
Editor requested this worker to shutdown with reason: Scaling down because of idle timeout
TcpMessagingSession - receive error: operation aborted. errorcode: 995, details: L’opération d’entrée/sortie a été abandonnée en raison de l’arrêt d’un thread ou à la demande d’une application.
AssetImportWorker is now disconnected from the server
Process exiting
Exiting without the bug reporter. Application will terminate with return code 0