Using pre-set license
Built from '2022.3/staging' branch; Version is '2022.3.7f1 (b16b3b16c7a0) revision 11627323'; Using compiler version '192829333'; Build Type 'Release'
OS: 'Windows 11  (10.0.22621) 64bit Core' Language: 'fr' Physical Memory: 32555 MB
BatchMode: 1, IsHumanControllingUs: 0, StartBugReporterOnCrash: 0, Is64bit: 1, IsPro: 1

COMMAND LINE ARGUMENTS:
D:\2022.3.7f1\Editor\Unity.exe
-adb2
-batchMode
-noUpm
-name
AssetImportWorker0
-projectPath
C:/Users/Utilisateur/Nebula
-logFile
Logs/AssetImportWorker0.log
-srvPort
57659
Successfully changed project path to: C:/Users/Utilisateur/Nebula
C:/Users/Utilisateur/Nebula
[UnityMemory] Configuration Parameters - Can be set up in boot.config
    "memorysetup-bucket-allocator-granularity=16"
    "memorysetup-bucket-allocator-bucket-count=8"
    "memorysetup-bucket-allocator-block-size=33554432"
    "memorysetup-bucket-allocator-block-count=8"
    "memorysetup-main-allocator-block-size=16777216"
    "memorysetup-thread-allocator-block-size=16777216"
    "memorysetup-gfx-main-allocator-block-size=16777216"
    "memorysetup-gfx-thread-allocator-block-size=16777216"
    "memorysetup-cache-allocator-block-size=4194304"
    "memorysetup-typetree-allocator-block-size=2097152"
    "memorysetup-profiler-bucket-allocator-granularity=16"
    "memorysetup-profiler-bucket-allocator-bucket-count=8"
    "memorysetup-profiler-bucket-allocator-block-size=33554432"
    "memorysetup-profiler-bucket-allocator-block-count=8"
    "memorysetup-profiler-allocator-block-size=16777216"
    "memorysetup-profiler-editor-allocator-block-size=1048576"
    "memorysetup-temp-allocator-size-main=16777216"
    "memorysetup-job-temp-allocator-block-size=2097152"
    "memorysetup-job-temp-allocator-block-size-background=1048576"
    "memorysetup-job-temp-allocator-reduction-small-platforms=262144"
    "memorysetup-allocator-temp-initial-block-size-main=262144"
    "memorysetup-allocator-temp-initial-block-size-worker=262144"
    "memorysetup-temp-allocator-size-background-worker=32768"
    "memorysetup-temp-allocator-size-job-worker=262144"
    "memorysetup-temp-allocator-size-preload-manager=33554432"
    "memorysetup-temp-allocator-size-nav-mesh-worker=65536"
    "memorysetup-temp-allocator-size-audio-worker=65536"
    "memorysetup-temp-allocator-size-cloud-worker=32768"
    "memorysetup-temp-allocator-size-gi-baking-worker=262144"
    "memorysetup-temp-allocator-size-gfx=262144"
Player connection [7092] Host "[IP] 192.168.1.14 [Port] 0 [Flags] 2 [Guid] 1719771944 [EditorId] 1719771944 [Version] 1048832 [Id] WindowsEditor(7,DESKTOP-JMLP15N) [Debug] 1 [PackageName] WindowsEditor [ProjectName] Editor" joined multi-casting on [225.0.0.222:54997]...

Player connection [7092] Host "[IP] 192.168.1.14 [Port] 0 [Flags] 2 [Guid] 1719771944 [EditorId] 1719771944 [Version] 1048832 [Id] WindowsEditor(7,DESKTOP-JMLP15N) [Debug] 1 [PackageName] WindowsEditor [ProjectName] Editor" joined alternative multi-casting on [225.0.0.222:34997]...

Refreshing native plugins compatible for Editor in 12.97 ms, found 3 plugins.
Preloading 0 native plugins for Editor in 0.00 ms.
Initialize engine version: 2022.3.7f1 (b16b3b16c7a0)
[Subsystems] Discovering subsystems at path D:/2022.3.7f1/Editor/Data/Resources/UnitySubsystems
[Subsystems] Discovering subsystems at path C:/Users/Utilisateur/Nebula/Assets
GfxDevice: creating device client; threaded=0; jobified=0
Direct3D:
    Version:  Direct3D 11.0 [level 11.1]
    Renderer: NVIDIA GeForce RTX 3080 (ID=0x2216)
    Vendor:   NVIDIA
    VRAM:     10067 MB
    Driver:   31.0.15.3713
Initialize mono
Mono path[0] = 'D:/2022.3.7f1/Editor/Data/Managed'
Mono path[1] = 'D:/2022.3.7f1/Editor/Data/MonoBleedingEdge/lib/mono/unityjit-win32'
Mono config path = 'D:/2022.3.7f1/Editor/Data/MonoBleedingEdge/etc'
Using monoOptions --debugger-agent=transport=dt_socket,embedding=1,server=y,suspend=n,address=127.0.0.1:56828
Begin MonoManager ReloadAssembly
Registering precompiled unity dll's ...
Register platform support module: D:/2022.3.7f1/Editor/Data/PlaybackEngines/WindowsStandaloneSupport/UnityEditor.WindowsStandalone.Extensions.dll
Registered in 0.002447 seconds.
- Loaded All Assemblies, in  0.227 seconds
Native extension for WindowsStandalone target not found
Mono: successfully reloaded assembly
- Finished resetting the current domain, in  0.164 seconds
Domain Reload Profiling: 389ms
	BeginReloadAssembly (75ms)
		ExecutionOrderSort (0ms)
		DisableScriptedObjects (0ms)
		BackupInstance (0ms)
		ReleaseScriptingObjects (0ms)
		CreateAndSetChildDomain (1ms)
	RebuildCommonClasses (21ms)
	RebuildNativeTypeToScriptingClass (7ms)
	initialDomainReloadingComplete (35ms)
	LoadAllAssembliesAndSetupDomain (87ms)
		LoadAssemblies (73ms)
		RebuildTransferFunctionScriptingTraits (0ms)
		AnalyzeDomain (86ms)
			TypeCache.Refresh (85ms)
				TypeCache.ScanAssembly (76ms)
			ScanForSourceGeneratedMonoScriptInfo (0ms)
			ResolveRequiredComponents (0ms)
	FinalizeReload (164ms)
		ReleaseScriptCaches (0ms)
		RebuildScriptCaches (0ms)
		SetupLoadedEditorAssemblies (127ms)
			LogAssemblyErrors (0ms)
			InitializePlatformSupportModulesInManaged (5ms)
			SetLoadedEditorAssemblies (5ms)
			RefreshPlugins (0ms)
			BeforeProcessingInitializeOnLoad (1ms)
			ProcessInitializeOnLoadAttributes (79ms)
			ProcessInitializeOnLoadMethodAttributes (35ms)
			AfterProcessingInitializeOnLoad (0ms)
			EditorAssembliesLoaded (0ms)
		ExecutionOrderSort2 (0ms)
		AwakeInstancesAfterBackupRestoration (0ms)
========================================================================
Worker process is ready to serve import requests
Begin MonoManager ReloadAssembly
Symbol file LoadedFromMemory doesn't match image C:\Users\Utilisateur\Nebula\Library\PackageCache\com.unity.visualscripting@1.8.0\Editor\VisualScripting.Core\Dependencies\YamlDotNet\Unity.VisualScripting.YamlDotNet.dll
Symbol file LoadedFromMemory doesn't match image C:\Users\Utilisateur\Nebula\Library\PackageCache\com.unity.visualscripting@1.8.0\Editor\VisualScripting.Core\Dependencies\DotNetZip\Unity.VisualScripting.IonicZip.dll
- Loaded All Assemblies, in  0.409 seconds
Refreshing native plugins compatible for Editor in 7.26 ms, found 3 plugins.
Native extension for WindowsStandalone target not found
Mono: successfully reloaded assembly
Package Manager log level set to [2]
[Package Manager] Server::EnsureServerProcessIsRunning -- launch failed, reason: Unity was launched with the -noUpm command-line argument
[Package Manager] UpmClient::Send -- Unable to send message (not connected to UPM process).
[Package Manager] Cannot connect to Unity Package Manager local server
[Package Manager] Server::EnsureServerProcessIsRunning -- launch failed, reason: Unity was launched with the -noUpm command-line argument
[Package Manager] UpmClient::Send -- Unable to send message (not connected to UPM process).
[Package Manager] Cannot connect to Unity Package Manager local server
- Finished resetting the current domain, in  0.337 seconds
Domain Reload Profiling: 743ms
	BeginReloadAssembly (95ms)
		ExecutionOrderSort (0ms)
		DisableScriptedObjects (4ms)
		BackupInstance (0ms)
		ReleaseScriptingObjects (0ms)
		CreateAndSetChildDomain (14ms)
	RebuildCommonClasses (20ms)
	RebuildNativeTypeToScriptingClass (7ms)
	initialDomainReloadingComplete (29ms)
	LoadAllAssembliesAndSetupDomain (254ms)
		LoadAssemblies (216ms)
		RebuildTransferFunctionScriptingTraits (0ms)
		AnalyzeDomain (91ms)
			TypeCache.Refresh (75ms)
				TypeCache.ScanAssembly (65ms)
			ScanForSourceGeneratedMonoScriptInfo (11ms)
			ResolveRequiredComponents (4ms)
	FinalizeReload (337ms)
		ReleaseScriptCaches (0ms)
		RebuildScriptCaches (0ms)
		SetupLoadedEditorAssemblies (241ms)
			LogAssemblyErrors (0ms)
			InitializePlatformSupportModulesInManaged (3ms)
			SetLoadedEditorAssemblies (3ms)
			RefreshPlugins (0ms)
			BeforeProcessingInitializeOnLoad (45ms)
			ProcessInitializeOnLoadAttributes (171ms)
			ProcessInitializeOnLoadMethodAttributes (14ms)
			AfterProcessingInitializeOnLoad (5ms)
			EditorAssembliesLoaded (0ms)
		ExecutionOrderSort2 (0ms)
		AwakeInstancesAfterBackupRestoration (4ms)
Launched and connected shader compiler UnityShaderCompiler.exe after 0.02 seconds
Refreshing native plugins compatible for Editor in 6.50 ms, found 3 plugins.
Preloading 0 native plugins for Editor in 0.00 ms.
Unloading 3397 Unused Serialized files (Serialized files now loaded: 0)
Unloading 52 unused Assets / (66.3 KB). Loaded Objects now: 3855.
Memory consumption went from 130.4 MB to 130.3 MB.
Total: 2.008700 ms (FindLiveObjects: 0.157800 ms CreateObjectMapping: 0.080400 ms MarkObjects: 1.683000 ms  DeleteObjects: 0.086900 ms)

AssetImportParameters requested are different than current active one (requested -> active):
  custom:container-demuxer-ogg: 62fdf1f143b41e24485cea50d1cbac27 -> 
  custom:video-decoder-ogg-theora: a1e56fd34408186e4bbccfd4996cb3dc -> 
  custom:framework-win-MediaFoundation: 216162199b28c13a410421893ffa2e32 -> 
  custom:container-demuxer-webm: 4f35f7cbe854078d1ac9338744f61a02 -> 
  custom:container-muxer-webm: aa71ff27fc2769a1b78a27578f13a17b -> 
  custom:video-decoder-webm-vp8: 9c59270c3fd7afecdb556c50c9e8de78 -> 
  custom:AudioImporter_EditorPlatform: d09bf68614088b80899f8185d706f6e7 -> 
  custom:video-encoder-webm-vp8: eb34c28f22e8b96e1ab97ce403110664 -> 
  custom:audio-decoder-ogg-vorbis: bf7c407c2cedff20999df2af8eb42d56 -> 
  custom:audio-encoder-webm-vorbis: bf7c407c2cedff20999df2af8eb42d56 -> 
========================================================================
Received Import Request.
  Time since last request: 537164.422078 seconds.
  path: Assets/New Terrain.asset
  artifactKey: Guid(27435a9daeaa2ca45b07e278839f8b0f) Importer(815301076,1909f56bfc062723c751e8b465ee728b)
Start importing Assets/New Terrain.asset using Guid(27435a9daeaa2ca45b07e278839f8b0f) Importer(815301076,1909f56bfc062723c751e8b465ee728b)  -> (artifact id: '28716bac32681f0bd1955a3992252031') in 0.011193 seconds
Number of updated asset objects reloaded before import = 0
Number of asset objects unloaded after import = 1
========================================================================
Received Prepare
Refreshing native plugins compatible for Editor in 5.71 ms, found 3 plugins.
Preloading 0 native plugins for Editor in 0.00 ms.
Unloading 0 Unused Serialized files (Serialized files now loaded: 0)
Unloading 1 unused Assets / (0.8 KB). Loaded Objects now: 3856.
Memory consumption went from 76.3 MB to 76.3 MB.
Total: 2.051800 ms (FindLiveObjects: 0.162400 ms CreateObjectMapping: 0.075100 ms MarkObjects: 1.796900 ms  DeleteObjects: 0.016700 ms)

Prepare: number of updated asset objects reloaded= 0
AssetImportParameters requested are different than current active one (requested -> active):
  custom:container-demuxer-ogg: 62fdf1f143b41e24485cea50d1cbac27 -> 
  custom:video-decoder-ogg-theora: a1e56fd34408186e4bbccfd4996cb3dc -> 
  custom:framework-win-MediaFoundation: 216162199b28c13a410421893ffa2e32 -> 
  custom:CustomObjectIndexerAttribute: 756ad292c208cfabdd7b50bc23989ffe -> 
  custom:container-demuxer-webm: 4f35f7cbe854078d1ac9338744f61a02 -> 
  custom:container-muxer-webm: aa71ff27fc2769a1b78a27578f13a17b -> 
  custom:video-decoder-webm-vp8: 9c59270c3fd7afecdb556c50c9e8de78 -> 
  custom:SearchIndexIgnoredProperties: e643bd26f0fe6173181afceb89e7c659 -> 
  custom:AudioImporter_EditorPlatform: d09bf68614088b80899f8185d706f6e7 -> 
  custom:video-encoder-webm-vp8: eb34c28f22e8b96e1ab97ce403110664 -> 
  custom:audio-decoder-ogg-vorbis: bf7c407c2cedff20999df2af8eb42d56 -> 
  custom:audio-encoder-webm-vorbis: bf7c407c2cedff20999df2af8eb42d56 -> 
========================================================================
Received Import Request.
  Time since last request: 177.951889 seconds.
  path: Assets/Free Demo of Low Poly Space Alien Worlds 3D Asset Pack
  artifactKey: Guid(b3938efb24e08d54b8e01ca88d247f30) Importer(815301076,1909f56bfc062723c751e8b465ee728b)
Start importing Assets/Free Demo of Low Poly Space Alien Worlds 3D Asset Pack using Guid(b3938efb24e08d54b8e01ca88d247f30) Importer(815301076,1909f56bfc062723c751e8b465ee728b)  -> (artifact id: '111fa767c96fad0c21842b052c6bef35') in 0.000929 seconds
Number of updated asset objects reloaded before import = 0
Number of asset objects unloaded after import = 0
========================================================================
Received Import Request.
  Time since last request: 3.656645 seconds.
  path: Assets/Free Demo of Low Poly Space Alien Worlds 3D Asset Pack/Prefabs
  artifactKey: Guid(aa0a9b43976d16b4fbe1cd65d69e7057) Importer(815301076,1909f56bfc062723c751e8b465ee728b)
Start importing Assets/Free Demo of Low Poly Space Alien Worlds 3D Asset Pack/Prefabs using Guid(aa0a9b43976d16b4fbe1cd65d69e7057) Importer(815301076,1909f56bfc062723c751e8b465ee728b)  -> (artifact id: '743a78e55bfb08eb17c405902b07c724') in 0.000401 seconds
Number of updated asset objects reloaded before import = 0
Number of asset objects unloaded after import = 0
========================================================================
Received Import Request.
  Time since last request: 2.801178 seconds.
  path: Assets/Free Demo of Low Poly Space Alien Worlds 3D Asset Pack/Prefabs/Space Forest
  artifactKey: Guid(414636d67cbee1a44885c56876ccca24) Importer(815301076,1909f56bfc062723c751e8b465ee728b)
Start importing Assets/Free Demo of Low Poly Space Alien Worlds 3D Asset Pack/Prefabs/Space Forest using Guid(414636d67cbee1a44885c56876ccca24) Importer(815301076,1909f56bfc062723c751e8b465ee728b)  -> (artifact id: '0566642f26230fac0ac17194fd2bfbf8') in 0.000395 seconds
Number of updated asset objects reloaded before import = 0
Number of asset objects unloaded after import = 0
========================================================================
Received Import Request.
  Time since last request: 0.054479 seconds.
  path: Assets/Free Demo of Low Poly Space Alien Worlds 3D Asset Pack/Prefabs/Space Forest/SP_Planet.prefab
  artifactKey: Guid(7d470bd30d5ceec4383744406c8b6440) Importer(815301076,1909f56bfc062723c751e8b465ee728b)
Start importing Assets/Free Demo of Low Poly Space Alien Worlds 3D Asset Pack/Prefabs/Space Forest/SP_Planet.prefab using Guid(7d470bd30d5ceec4383744406c8b6440) Importer(815301076,1909f56bfc062723c751e8b465ee728b)  -> (artifact id: '44378540315ba35ef2f6fef13021d1f9') in 0.136077 seconds
Number of updated asset objects reloaded before import = 0
Number of asset objects unloaded after import = 14
========================================================================
Received Import Request.
  Time since last request: 2.856825 seconds.
  path: Assets/Free Demo of Low Poly Space Alien Worlds 3D Asset Pack/Prefabs/Space Forest/SP_Mountains
  artifactKey: Guid(b5adbd5e0ae3d594b9125db6feb4e03c) Importer(815301076,1909f56bfc062723c751e8b465ee728b)
Start importing Assets/Free Demo of Low Poly Space Alien Worlds 3D Asset Pack/Prefabs/Space Forest/SP_Mountains using Guid(b5adbd5e0ae3d594b9125db6feb4e03c) Importer(815301076,1909f56bfc062723c751e8b465ee728b)  -> (artifact id: '166b5e064df99d38616359dc85047340') in 0.000499 seconds
Number of updated asset objects reloaded before import = 0
Number of asset objects unloaded after import = 0
========================================================================
Received Import Request.
  Time since last request: 0.063286 seconds.
  path: Assets/Free Demo of Low Poly Space Alien Worlds 3D Asset Pack/Prefabs/Space Forest/SP_Mountains/SP_Mountain01.prefab
  artifactKey: Guid(b4d4a657ba67ffd4bbb5553d94e0bf4a) Importer(815301076,1909f56bfc062723c751e8b465ee728b)
Start importing Assets/Free Demo of Low Poly Space Alien Worlds 3D Asset Pack/Prefabs/Space Forest/SP_Mountains/SP_Mountain01.prefab using Guid(b4d4a657ba67ffd4bbb5553d94e0bf4a) Importer(815301076,1909f56bfc062723c751e8b465ee728b)  -> (artifact id: '051f7009d46a487efc9c08f07ee4c608') in 0.006740 seconds
Number of updated asset objects reloaded before import = 0
Number of asset objects unloaded after import = 14
========================================================================
Received Import Request.
  Time since last request: 16.210072 seconds.
  path: Assets/Free Demo of Low Poly Space Alien Worlds 3D Asset Pack/Prefabs/Space Forest/SP_Ground
  artifactKey: Guid(306bc40c846c55f4987cdf09bd98ba8f) Importer(815301076,1909f56bfc062723c751e8b465ee728b)
Start importing Assets/Free Demo of Low Poly Space Alien Worlds 3D Asset Pack/Prefabs/Space Forest/SP_Ground using Guid(306bc40c846c55f4987cdf09bd98ba8f) Importer(815301076,1909f56bfc062723c751e8b465ee728b)  -> (artifact id: '4f66284ee558299db8def3b9b0eb5b6d') in 0.000497 seconds
Number of updated asset objects reloaded before import = 0
Number of asset objects unloaded after import = 0
========================================================================
Received Import Request.
  Time since last request: 0.059897 seconds.
  path: Assets/Free Demo of Low Poly Space Alien Worlds 3D Asset Pack/Prefabs/Space Forest/SP_Ground/SP_Ground01.prefab
  artifactKey: Guid(f1ca28fd0dd51524890ffa1e108b1a91) Importer(815301076,1909f56bfc062723c751e8b465ee728b)
Start importing Assets/Free Demo of Low Poly Space Alien Worlds 3D Asset Pack/Prefabs/Space Forest/SP_Ground/SP_Ground01.prefab using Guid(f1ca28fd0dd51524890ffa1e108b1a91) Importer(815301076,1909f56bfc062723c751e8b465ee728b)  -> (artifact id: '1d21e857532a994fae0386f7b4a6bc3a') in 0.006966 seconds
Number of updated asset objects reloaded before import = 0
Number of asset objects unloaded after import = 14
========================================================================
Received Import Request.
  Time since last request: 0.000074 seconds.
  path: Assets/Free Demo of Low Poly Space Alien Worlds 3D Asset Pack/Prefabs/Space Forest/SP_Ground/SP_Ground03.prefab
  artifactKey: Guid(50b1b9be61eeee34e819e48b54bfe40c) Importer(815301076,1909f56bfc062723c751e8b465ee728b)
Start importing Assets/Free Demo of Low Poly Space Alien Worlds 3D Asset Pack/Prefabs/Space Forest/SP_Ground/SP_Ground03.prefab using Guid(50b1b9be61eeee34e819e48b54bfe40c) Importer(815301076,1909f56bfc062723c751e8b465ee728b)  -> (artifact id: '63e69fbdf74286cd32acc610d12affc5') in 0.018292 seconds
Number of updated asset objects reloaded before import = 0
Number of asset objects unloaded after import = 14
Editor requested this worker to shutdown with reason: Scaling down because of idle timeout
TcpMessagingSession - receive error: operation aborted. errorcode: 995, details: L’opération d’entrée/sortie a été abandonnée en raison de l’arrêt d’un thread ou à la demande d’une application.
AssetImportWorker is now disconnected from the server
Process exiting
Exiting without the bug reporter. Application will terminate with return code 0