Using pre-set license
Built from '2022.3/staging' branch; Version is '2022.3.7f1 (b16b3b16c7a0) revision 11627323'; Using compiler version '192829333'; Build Type 'Release'
OS: 'Windows 11  (10.0.22621) 64bit Core' Language: 'fr' Physical Memory: 32675 MB
BatchMode: 1, IsHumanControllingUs: 0, StartBugReporterOnCrash: 0, Is64bit: 1, IsPro: 1

COMMAND LINE ARGUMENTS:
E:\Programmes\Unity\Unity2022.3.7f1\2022.3.7f1\Editor\Unity.exe
-adb2
-batchMode
-noUpm
-name
AssetImportWorker5
-projectPath
C:/Users/axelr/Nebula/Nebula/Nebula
-logFile
Logs/AssetImportWorker5.log
-srvPort
57368
Successfully changed project path to: C:/Users/axelr/Nebula/Nebula/Nebula
C:/Users/axelr/Nebula/Nebula/Nebula
[UnityMemory] Configuration Parameters - Can be set up in boot.config
    "memorysetup-bucket-allocator-granularity=16"
    "memorysetup-bucket-allocator-bucket-count=8"
    "memorysetup-bucket-allocator-block-size=33554432"
    "memorysetup-bucket-allocator-block-count=8"
    "memorysetup-main-allocator-block-size=16777216"
    "memorysetup-thread-allocator-block-size=16777216"
    "memorysetup-gfx-main-allocator-block-size=16777216"
    "memorysetup-gfx-thread-allocator-block-size=16777216"
    "memorysetup-cache-allocator-block-size=4194304"
    "memorysetup-typetree-allocator-block-size=2097152"
    "memorysetup-profiler-bucket-allocator-granularity=16"
    "memorysetup-profiler-bucket-allocator-bucket-count=8"
    "memorysetup-profiler-bucket-allocator-block-size=33554432"
    "memorysetup-profiler-bucket-allocator-block-count=8"
    "memorysetup-profiler-allocator-block-size=16777216"
    "memorysetup-profiler-editor-allocator-block-size=1048576"
    "memorysetup-temp-allocator-size-main=16777216"
    "memorysetup-job-temp-allocator-block-size=2097152"
    "memorysetup-job-temp-allocator-block-size-background=1048576"
    "memorysetup-job-temp-allocator-reduction-small-platforms=262144"
    "memorysetup-allocator-temp-initial-block-size-main=262144"
    "memorysetup-allocator-temp-initial-block-size-worker=262144"
    "memorysetup-temp-allocator-size-background-worker=32768"
    "memorysetup-temp-allocator-size-job-worker=262144"
    "memorysetup-temp-allocator-size-preload-manager=33554432"
    "memorysetup-temp-allocator-size-nav-mesh-worker=65536"
    "memorysetup-temp-allocator-size-audio-worker=65536"
    "memorysetup-temp-allocator-size-cloud-worker=32768"
    "memorysetup-temp-allocator-size-gi-baking-worker=262144"
    "memorysetup-temp-allocator-size-gfx=262144"
Player connection [14252] Host "[IP] 192.168.1.12 [Port] 0 [Flags] 2 [Guid] 543970903 [EditorId] 543970903 [Version] 1048832 [Id] WindowsEditor(7,PC) [Debug] 1 [PackageName] WindowsEditor [ProjectName] Editor" joined multi-casting on [225.0.0.222:54997]...

Player connection [14252] Host "[IP] 192.168.1.12 [Port] 0 [Flags] 2 [Guid] 543970903 [EditorId] 543970903 [Version] 1048832 [Id] WindowsEditor(7,PC) [Debug] 1 [PackageName] WindowsEditor [ProjectName] Editor" joined alternative multi-casting on [225.0.0.222:34997]...

Refreshing native plugins compatible for Editor in 11.44 ms, found 3 plugins.
Preloading 0 native plugins for Editor in 0.00 ms.
Initialize engine version: 2022.3.7f1 (b16b3b16c7a0)
[Subsystems] Discovering subsystems at path E:/Programmes/Unity/Unity2022.3.7f1/2022.3.7f1/Editor/Data/Resources/UnitySubsystems
[Subsystems] Discovering subsystems at path C:/Users/axelr/Nebula/Nebula/Nebula/Assets
GfxDevice: creating device client; threaded=0; jobified=0
Direct3D:
    Version:  Direct3D 11.0 [level 11.1]
    Renderer: NVIDIA GeForce RTX 2060 (ID=0x1f08)
    Vendor:   NVIDIA
    VRAM:     5968 MB
    Driver:   31.0.15.3141
Initialize mono
Mono path[0] = 'E:/Programmes/Unity/Unity2022.3.7f1/2022.3.7f1/Editor/Data/Managed'
Mono path[1] = 'E:/Programmes/Unity/Unity2022.3.7f1/2022.3.7f1/Editor/Data/MonoBleedingEdge/lib/mono/unityjit-win32'
Mono config path = 'E:/Programmes/Unity/Unity2022.3.7f1/2022.3.7f1/Editor/Data/MonoBleedingEdge/etc'
Using monoOptions --debugger-agent=transport=dt_socket,embedding=1,server=y,suspend=n,address=127.0.0.1:56716
Begin MonoManager ReloadAssembly
Registering precompiled unity dll's ...
Register platform support module: E:/Programmes/Unity/Unity2022.3.7f1/2022.3.7f1/Editor/Data/PlaybackEngines/WebGLSupport/UnityEditor.WebGL.Extensions.dll
Register platform support module: E:/Programmes/Unity/Unity2022.3.7f1/2022.3.7f1/Editor/Data/PlaybackEngines/WindowsStandaloneSupport/UnityEditor.WindowsStandalone.Extensions.dll
Registered in 0.004857 seconds.
- Loaded All Assemblies, in  0.579 seconds
Native extension for WindowsStandalone target not found
Native extension for WebGL target not found
Mono: successfully reloaded assembly
- Finished resetting the current domain, in  0.266 seconds
Domain Reload Profiling: 845ms
	BeginReloadAssembly (258ms)
		ExecutionOrderSort (0ms)
		DisableScriptedObjects (0ms)
		BackupInstance (0ms)
		ReleaseScriptingObjects (0ms)
		CreateAndSetChildDomain (1ms)
	RebuildCommonClasses (46ms)
	RebuildNativeTypeToScriptingClass (15ms)
	initialDomainReloadingComplete (67ms)
	LoadAllAssembliesAndSetupDomain (193ms)
		LoadAssemblies (258ms)
		RebuildTransferFunctionScriptingTraits (0ms)
		AnalyzeDomain (190ms)
			TypeCache.Refresh (188ms)
				TypeCache.ScanAssembly (172ms)
			ScanForSourceGeneratedMonoScriptInfo (0ms)
			ResolveRequiredComponents (1ms)
	FinalizeReload (266ms)
		ReleaseScriptCaches (0ms)
		RebuildScriptCaches (0ms)
		SetupLoadedEditorAssemblies (203ms)
			LogAssemblyErrors (0ms)
			InitializePlatformSupportModulesInManaged (8ms)
			SetLoadedEditorAssemblies (5ms)
			RefreshPlugins (0ms)
			BeforeProcessingInitializeOnLoad (2ms)
			ProcessInitializeOnLoadAttributes (133ms)
			ProcessInitializeOnLoadMethodAttributes (55ms)
			AfterProcessingInitializeOnLoad (0ms)
			EditorAssembliesLoaded (0ms)
		ExecutionOrderSort2 (0ms)
		AwakeInstancesAfterBackupRestoration (0ms)
========================================================================
Worker process is ready to serve import requests
Begin MonoManager ReloadAssembly
Symbol file LoadedFromMemory doesn't match image C:\Users\axelr\Nebula\Nebula\Nebula\Library\PackageCache\com.unity.visualscripting@1.8.0\Editor\VisualScripting.Core\Dependencies\YamlDotNet\Unity.VisualScripting.YamlDotNet.dll
Symbol file LoadedFromMemory doesn't match image C:\Users\axelr\Nebula\Nebula\Nebula\Library\PackageCache\com.unity.visualscripting@1.8.0\Editor\VisualScripting.Core\Dependencies\DotNetZip\Unity.VisualScripting.IonicZip.dll
- Loaded All Assemblies, in  0.701 seconds
Refreshing native plugins compatible for Editor in 5.74 ms, found 3 plugins.
Native extension for WindowsStandalone target not found
Native extension for WebGL target not found
Mono: successfully reloaded assembly
Package Manager log level set to [2]
[Package Manager] Server::EnsureServerProcessIsRunning -- launch failed, reason: Unity was launched with the -noUpm command-line argument
[Package Manager] UpmClient::Send -- Unable to send message (not connected to UPM process).
[Package Manager] Cannot connect to Unity Package Manager local server
[Package Manager] Server::EnsureServerProcessIsRunning -- launch failed, reason: Unity was launched with the -noUpm command-line argument
[Package Manager] UpmClient::Send -- Unable to send message (not connected to UPM process).
[Package Manager] Cannot connect to Unity Package Manager local server
- Finished resetting the current domain, in  0.546 seconds
Domain Reload Profiling: 1245ms
	BeginReloadAssembly (176ms)
		ExecutionOrderSort (0ms)
		DisableScriptedObjects (5ms)
		BackupInstance (0ms)
		ReleaseScriptingObjects (0ms)
		CreateAndSetChildDomain (21ms)
	RebuildCommonClasses (46ms)
	RebuildNativeTypeToScriptingClass (18ms)
	initialDomainReloadingComplete (38ms)
	LoadAllAssembliesAndSetupDomain (421ms)
		LoadAssemblies (348ms)
		RebuildTransferFunctionScriptingTraits (0ms)
		AnalyzeDomain (186ms)
			TypeCache.Refresh (154ms)
				TypeCache.ScanAssembly (135ms)
			ScanForSourceGeneratedMonoScriptInfo (25ms)
			ResolveRequiredComponents (7ms)
	FinalizeReload (546ms)
		ReleaseScriptCaches (0ms)
		RebuildScriptCaches (0ms)
		SetupLoadedEditorAssemblies (368ms)
			LogAssemblyErrors (0ms)
			InitializePlatformSupportModulesInManaged (6ms)
			SetLoadedEditorAssemblies (5ms)
			RefreshPlugins (0ms)
			BeforeProcessingInitializeOnLoad (61ms)
			ProcessInitializeOnLoadAttributes (274ms)
			ProcessInitializeOnLoadMethodAttributes (21ms)
			AfterProcessingInitializeOnLoad (2ms)
			EditorAssembliesLoaded (0ms)
		ExecutionOrderSort2 (0ms)
		AwakeInstancesAfterBackupRestoration (6ms)
Launched and connected shader compiler UnityShaderCompiler.exe after 0.04 seconds
Refreshing native plugins compatible for Editor in 9.63 ms, found 3 plugins.
Preloading 0 native plugins for Editor in 0.00 ms.
Unloading 3411 Unused Serialized files (Serialized files now loaded: 0)
Unloading 52 unused Assets / (66.7 KB). Loaded Objects now: 3869.
Memory consumption went from 134.0 MB to 134.0 MB.
Total: 4.102400 ms (FindLiveObjects: 0.348900 ms CreateObjectMapping: 0.262800 ms MarkObjects: 3.354800 ms  DeleteObjects: 0.135000 ms)

AssetImportParameters requested are different than current active one (requested -> active):
  custom:container-demuxer-ogg: 62fdf1f143b41e24485cea50d1cbac27 -> 
  custom:video-decoder-ogg-theora: a1e56fd34408186e4bbccfd4996cb3dc -> 
  custom:framework-win-MediaFoundation: 216162199b28c13a410421893ffa2e32 -> 
  custom:CustomObjectIndexerAttribute: 756ad292c208cfabdd7b50bc23989ffe -> 
  custom:container-demuxer-webm: 4f35f7cbe854078d1ac9338744f61a02 -> 
  custom:container-muxer-webm: aa71ff27fc2769a1b78a27578f13a17b -> 
  custom:video-decoder-webm-vp8: 9c59270c3fd7afecdb556c50c9e8de78 -> 
  custom:SearchIndexIgnoredProperties: e643bd26f0fe6173181afceb89e7c659 -> 
  custom:AudioImporter_EditorPlatform: d09bf68614088b80899f8185d706f6e7 -> 
  custom:video-encoder-webm-vp8: eb34c28f22e8b96e1ab97ce403110664 -> 
  custom:audio-decoder-ogg-vorbis: bf7c407c2cedff20999df2af8eb42d56 -> 
  custom:audio-encoder-webm-vorbis: bf7c407c2cedff20999df2af8eb42d56 -> 
========================================================================
Received Import Request.
  Time since last request: 42426.883057 seconds.
  path: Assets/Assets/UI/SHarmid/Simple Icons - Classic/Icons/Icon (4).prefab
  artifactKey: Guid(a4d00db8ce815eb4eb98fa18ab2daa6f) Importer(815301076,1909f56bfc062723c751e8b465ee728b)
Start importing Assets/Assets/UI/SHarmid/Simple Icons - Classic/Icons/Icon (4).prefab using Guid(a4d00db8ce815eb4eb98fa18ab2daa6f) Importer(815301076,1909f56bfc062723c751e8b465ee728b)  -> (artifact id: '5208dc82c1002ecd0ea03f65f5967f0e') in 0.038693 seconds
Number of updated asset objects reloaded before import = 0
Number of asset objects unloaded after import = 14
========================================================================
Received Import Request.
  Time since last request: 0.000015 seconds.
  path: Assets/Assets/UI/SHarmid/Simple Icons - Classic/Icons/Icon (32).prefab
  artifactKey: Guid(1ad88081e6a748640869681da8d50db8) Importer(815301076,1909f56bfc062723c751e8b465ee728b)
Start importing Assets/Assets/UI/SHarmid/Simple Icons - Classic/Icons/Icon (32).prefab using Guid(1ad88081e6a748640869681da8d50db8) Importer(815301076,1909f56bfc062723c751e8b465ee728b)  -> (artifact id: '70478c9a14d6adff0e56773635639c9d') in 0.002678 seconds
Number of updated asset objects reloaded before import = 0
Number of asset objects unloaded after import = 14
========================================================================
Received Import Request.
  Time since last request: 0.000018 seconds.
  path: Assets/Assets/UI/SHarmid/Simple Icons - Classic/Icons/Icon (29).prefab
  artifactKey: Guid(6cd2b1a471d3ae244b06fd3f95ee3950) Importer(815301076,1909f56bfc062723c751e8b465ee728b)
Start importing Assets/Assets/UI/SHarmid/Simple Icons - Classic/Icons/Icon (29).prefab using Guid(6cd2b1a471d3ae244b06fd3f95ee3950) Importer(815301076,1909f56bfc062723c751e8b465ee728b)  -> (artifact id: '3b1672f107fc138f7a71ea609a3aebe4') in 0.003159 seconds
Number of updated asset objects reloaded before import = 0
Number of asset objects unloaded after import = 14
========================================================================
Received Import Request.
  Time since last request: 0.000013 seconds.
  path: Assets/Assets/UI/SHarmid/Simple Icons - Classic/Icons/Icon (24).prefab
  artifactKey: Guid(6ae9bbafb04ed3c4fb9b8a1cd37f2763) Importer(815301076,1909f56bfc062723c751e8b465ee728b)
Start importing Assets/Assets/UI/SHarmid/Simple Icons - Classic/Icons/Icon (24).prefab using Guid(6ae9bbafb04ed3c4fb9b8a1cd37f2763) Importer(815301076,1909f56bfc062723c751e8b465ee728b)  -> (artifact id: '81185ca062b8a94e5bf3fbc43c4e07cc') in 0.002448 seconds
Number of updated asset objects reloaded before import = 0
Number of asset objects unloaded after import = 14
========================================================================
Received Import Request.
  Time since last request: 0.000010 seconds.
  path: Assets/Assets/UI/SHarmid/Simple Icons - Classic/Icons/Icon (14).prefab
  artifactKey: Guid(2ea3098616687e04dafa8ca551cec089) Importer(815301076,1909f56bfc062723c751e8b465ee728b)
Start importing Assets/Assets/UI/SHarmid/Simple Icons - Classic/Icons/Icon (14).prefab using Guid(2ea3098616687e04dafa8ca551cec089) Importer(815301076,1909f56bfc062723c751e8b465ee728b)  -> (artifact id: 'c7560d26f642dbfe3e19dd8d65e1c362') in 0.003000 seconds
Number of updated asset objects reloaded before import = 0
Number of asset objects unloaded after import = 14
========================================================================
Received Import Request.
  Time since last request: 0.000012 seconds.
  path: Assets/Assets/UI/SHarmid/Simple Icons - Classic/Icons/Icon (30).prefab
  artifactKey: Guid(8184bcc0fca618c4ea169e29778e20ad) Importer(815301076,1909f56bfc062723c751e8b465ee728b)
Start importing Assets/Assets/UI/SHarmid/Simple Icons - Classic/Icons/Icon (30).prefab using Guid(8184bcc0fca618c4ea169e29778e20ad) Importer(815301076,1909f56bfc062723c751e8b465ee728b)  -> (artifact id: '646435aad1e13bb80332d4d7a94795ea') in 0.002418 seconds
Number of updated asset objects reloaded before import = 0
Number of asset objects unloaded after import = 14
========================================================================
Received Import Request.
  Time since last request: 6.392268 seconds.
  path: Assets/Assets/UI/SHarmid/Simple Icons - Classic/Icons/Icon (53).prefab
  artifactKey: Guid(5b34424a8bb2d3d4785e5e7bac8c3334) Importer(815301076,1909f56bfc062723c751e8b465ee728b)
Start importing Assets/Assets/UI/SHarmid/Simple Icons - Classic/Icons/Icon (53).prefab using Guid(5b34424a8bb2d3d4785e5e7bac8c3334) Importer(815301076,1909f56bfc062723c751e8b465ee728b)  -> (artifact id: '7d22985efa3930d0805a65caa09282b1') in 0.002601 seconds
Number of updated asset objects reloaded before import = 0
Number of asset objects unloaded after import = 14
========================================================================
Received Import Request.
  Time since last request: 0.000013 seconds.
  path: Assets/Assets/UI/SHarmid/Simple Icons - Classic/Icons/Icon (60).prefab
  artifactKey: Guid(aa3552d5b3591ad498434da750e0f0bc) Importer(815301076,1909f56bfc062723c751e8b465ee728b)
Start importing Assets/Assets/UI/SHarmid/Simple Icons - Classic/Icons/Icon (60).prefab using Guid(aa3552d5b3591ad498434da750e0f0bc) Importer(815301076,1909f56bfc062723c751e8b465ee728b)  -> (artifact id: 'b914d9af22c6da9a8b0e9ca20155431d') in 0.002892 seconds
Number of updated asset objects reloaded before import = 0
Number of asset objects unloaded after import = 14
========================================================================
Received Import Request.
  Time since last request: 0.000016 seconds.
  path: Assets/Assets/UI/SHarmid/Simple Icons - Classic/Icons/Icon (65).prefab
  artifactKey: Guid(b265632ad97bff644a4e8b7e65f744fc) Importer(815301076,1909f56bfc062723c751e8b465ee728b)
Start importing Assets/Assets/UI/SHarmid/Simple Icons - Classic/Icons/Icon (65).prefab using Guid(b265632ad97bff644a4e8b7e65f744fc) Importer(815301076,1909f56bfc062723c751e8b465ee728b)  -> (artifact id: 'f797a85c0647d35c48f7d1b6cd4f6287') in 0.003009 seconds
Number of updated asset objects reloaded before import = 0
Number of asset objects unloaded after import = 14
========================================================================
Received Import Request.
  Time since last request: 0.017157 seconds.
  path: Assets/Assets/UI/SHarmid/Simple Icons - Classic/Icons/Icon (69).prefab
  artifactKey: Guid(bdcb308c56655de4cb40c344649093e4) Importer(815301076,1909f56bfc062723c751e8b465ee728b)
Start importing Assets/Assets/UI/SHarmid/Simple Icons - Classic/Icons/Icon (69).prefab using Guid(bdcb308c56655de4cb40c344649093e4) Importer(815301076,1909f56bfc062723c751e8b465ee728b)  -> (artifact id: 'df7c59c6ba9326d8a0eb67171fbcffe1') in 0.002619 seconds
Number of updated asset objects reloaded before import = 0
Number of asset objects unloaded after import = 14
========================================================================
Received Import Request.
  Time since last request: 0.000012 seconds.
  path: Assets/Assets/UI/SHarmid/Simple Icons - Classic/Icons/Icon (77).prefab
  artifactKey: Guid(382f7e9239e680f44984c02767539342) Importer(815301076,1909f56bfc062723c751e8b465ee728b)
Start importing Assets/Assets/UI/SHarmid/Simple Icons - Classic/Icons/Icon (77).prefab using Guid(382f7e9239e680f44984c02767539342) Importer(815301076,1909f56bfc062723c751e8b465ee728b)  -> (artifact id: '5c521b3643a6acf315860231405c1106') in 0.002648 seconds
Number of updated asset objects reloaded before import = 0
Number of asset objects unloaded after import = 14
========================================================================
Received Import Request.
  Time since last request: 0.000017 seconds.
  path: Assets/Assets/UI/SHarmid/Simple Icons - Classic/Icons/Icon (79).prefab
  artifactKey: Guid(9d27db3e43e2be64ca11696068bfac91) Importer(815301076,1909f56bfc062723c751e8b465ee728b)
Start importing Assets/Assets/UI/SHarmid/Simple Icons - Classic/Icons/Icon (79).prefab using Guid(9d27db3e43e2be64ca11696068bfac91) Importer(815301076,1909f56bfc062723c751e8b465ee728b)  -> (artifact id: '807e46b64924962f138f67240232e03a') in 0.002610 seconds
Number of updated asset objects reloaded before import = 0
Number of asset objects unloaded after import = 14
Editor requested this worker to shutdown with reason: Scaling down because of idle timeout
TcpMessagingSession - receive error: operation aborted. errorcode: 995, details: L’opération d’entrée/sortie a été abandonnée en raison de l’arrêt d’un thread ou à la demande d’une application.
AssetImportWorker is now disconnected from the server
Process exiting
Exiting without the bug reporter. Application will terminate with return code 0